<?xml version="1.0" encoding="UTF-8"?>
<coverage generated="1777976912731" clover="3.2.0">
  <project timestamp="1777976912732" name="All files">
    <metrics statements="53" coveredstatements="53" conditionals="40" coveredconditionals="38" methods="20" coveredmethods="20" elements="113" coveredelements="111" complexity="0" loc="53" ncloc="53" packages="1" files="1" classes="1"/>
    <file name="learningLogic.ts" path="C:\Users\Anprovip\Downloads\mem_pan_app\mem_pan_mb\utils\learningLogic.ts">
      <metrics statements="53" coveredstatements="53" conditionals="40" coveredconditionals="38" methods="20" coveredmethods="20"/>
      <line num="60" count="37" type="cond" truecount="2" falsecount="0"/>
      <line num="64" count="104" type="cond" truecount="2" falsecount="0"/>
      <line num="75" count="13" type="stmt"/>
      <line num="76" count="13" type="cond" truecount="2" falsecount="0"/>
      <line num="77" count="13" type="cond" truecount="2" falsecount="0"/>
      <line num="78" count="13" type="cond" truecount="2" falsecount="0"/>
      <line num="79" count="13" type="cond" truecount="2" falsecount="0"/>
      <line num="81" count="13" type="stmt"/>
      <line num="82" count="13" type="stmt"/>
      <line num="83" count="47" type="stmt"/>
      <line num="85" count="13" type="stmt"/>
      <line num="98" count="23" type="stmt"/>
      <line num="99" count="106" type="stmt"/>
      <line num="100" count="23" type="stmt"/>
      <line num="102" count="63" type="stmt"/>
      <line num="103" count="23" type="stmt"/>
      <line num="105" count="23" type="stmt"/>
      <line num="123" count="8" type="stmt"/>
      <line num="124" count="8" type="cond" truecount="4" falsecount="0"/>
      <line num="125" count="20" type="stmt"/>
      <line num="126" count="4" type="stmt"/>
      <line num="131" count="8" type="stmt"/>
      <line num="147" count="4" type="stmt"/>
      <line num="165" count="9" type="cond" truecount="2" falsecount="0"/>
      <line num="167" count="8" type="stmt"/>
      <line num="168" count="8" type="stmt"/>
      <line num="169" count="8" type="stmt"/>
      <line num="171" count="8" type="stmt"/>
      <line num="173" count="8" type="stmt"/>
      <line num="174" count="25" type="stmt"/>
      <line num="175" count="25" type="cond" truecount="2" falsecount="0"/>
      <line num="176" count="18" type="stmt"/>
      <line num="177" count="7" type="cond" truecount="2" falsecount="0"/>
      <line num="178" count="5" type="stmt"/>
      <line num="179" count="5" type="stmt"/>
      <line num="181" count="2" type="stmt"/>
      <line num="192" count="19" type="stmt"/>
      <line num="201" count="22" type="stmt"/>
      <line num="202" count="8" type="stmt"/>
      <line num="203" count="8" type="cond" truecount="2" falsecount="0"/>
      <line num="207" count="8" type="stmt"/>
      <line num="219" count="16" type="cond" truecount="2" falsecount="0"/>
      <line num="220" count="12" type="cond" truecount="2" falsecount="0"/>
      <line num="221" count="9" type="cond" truecount="2" falsecount="0"/>
      <line num="222" count="4" type="stmt"/>
      <line num="235" count="8" type="stmt"/>
      <line num="236" count="8" type="cond" truecount="3" falsecount="0"/>
      <line num="243" count="9" type="stmt"/>
      <line num="252" count="6" type="cond" truecount="2" falsecount="0"/>
      <line num="253" count="4" type="stmt"/>
      <line num="259" count="8" type="stmt"/>
      <line num="260" count="35" type="stmt"/>
      <line num="261" count="8" type="stmt"/>
    </file>
  </project>
</coverage>
