{"C:\\Users\\Anprovip\\Downloads\\mem_pan_app\\mem_pan_mb\\utils\\learningLogic.ts": {"path":"C:\\Users\\Anprovip\\Downloads\\mem_pan_app\\mem_pan_mb\\utils\\learningLogic.ts","statementMap":{"0":{"start":{"line":60,"column":2},"end":{"line":60,"column":71}},"1":{"start":{"line":64,"column":2},"end":{"line":64,"column":71}},"2":{"start":{"line":75,"column":30},"end":{"line":75,"column":32}},"3":{"start":{"line":76,"column":2},"end":{"line":76,"column":56}},"4":{"start":{"line":76,"column":35},"end":{"line":76,"column":56}},"5":{"start":{"line":77,"column":2},"end":{"line":77,"column":51}},"6":{"start":{"line":77,"column":30},"end":{"line":77,"column":51}},"7":{"start":{"line":78,"column":2},"end":{"line":78,"column":48}},"8":{"start":{"line":78,"column":28},"end":{"line":78,"column":48}},"9":{"start":{"line":79,"column":2},"end":{"line":79,"column":51}},"10":{"start":{"line":79,"column":30},"end":{"line":79,"column":51}},"11":{"start":{"line":81,"column":32},"end":{"line":81,"column":34}},"12":{"start":{"line":82,"column":2},"end":{"line":84,"column":3}},"13":{"start":{"line":82,"column":15},"end":{"line":82,"column":16}},"14":{"start":{"line":83,"column":4},"end":{"line":83,"column":54}},"15":{"start":{"line":85,"column":2},"end":{"line":85,"column":32}},"16":{"start":{"line":98,"column":24},"end":{"line":98,"column":55}},"17":{"start":{"line":99,"column":21},"end":{"line":99,"column":67}},"18":{"start":{"line":99,"column":42},"end":{"line":99,"column":66}},"19":{"start":{"line":100,"column":23},"end":{"line":102,"column":43}},"20":{"start":{"line":102,"column":14},"end":{"line":102,"column":42}},"21":{"start":{"line":103,"column":18},"end":{"line":103,"column":61}},"22":{"start":{"line":105,"column":2},"end":{"line":111,"column":4}},"23":{"start":{"line":123,"column":24},"end":{"line":123,"column":55}},"24":{"start":{"line":124,"column":2},"end":{"line":130,"column":3}},"25":{"start":{"line":125,"column":23},"end":{"line":125,"column":69}},"26":{"start":{"line":125,"column":44},"end":{"line":125,"column":68}},"27":{"start":{"line":126,"column":4},"end":{"line":129,"column":6}},"28":{"start":{"line":131,"column":2},"end":{"line":137,"column":4}},"29":{"start":{"line":147,"column":2},"end":{"line":152,"column":4}},"30":{"start":{"line":165,"column":2},"end":{"line":165,"column":36}},"31":{"start":{"line":165,"column":26},"end":{"line":165,"column":36}},"32":{"start":{"line":167,"column":24},"end":{"line":167,"column":45}},"33":{"start":{"line":168,"column":22},"end":{"line":168,"column":71}},"34":{"start":{"line":169,"column":24},"end":{"line":169,"column":59}},"35":{"start":{"line":171,"column":26},"end":{"line":171,"column":94}},"36":{"start":{"line":173,"column":2},"end":{"line":183,"column":5}},"37":{"start":{"line":174,"column":18},"end":{"line":174,"column":38}},"38":{"start":{"line":175,"column":4},"end":{"line":182,"column":5}},"39":{"start":{"line":176,"column":6},"end":{"line":176,"column":65}},"40":{"start":{"line":177,"column":11},"end":{"line":182,"column":5}},"41":{"start":{"line":178,"column":21},"end":{"line":178,"column":40}},"42":{"start":{"line":179,"column":6},"end":{"line":179,"column":62}},"43":{"start":{"line":181,"column":6},"end":{"line":181,"column":52}},"44":{"start":{"line":192,"column":2},"end":{"line":192,"column":89}},"45":{"start":{"line":201,"column":23},"end":{"line":201,"column":62}},"46":{"start":{"line":201,"column":43},"end":{"line":201,"column":54}},"47":{"start":{"line":202,"column":25},"end":{"line":202,"column":54}},"48":{"start":{"line":203,"column":21},"end":{"line":205,"column":7}},"49":{"start":{"line":207,"column":2},"end":{"line":207,"column":63}},"50":{"start":{"line":219,"column":2},"end":{"line":219,"column":27}},"51":{"start":{"line":219,"column":18},"end":{"line":219,"column":27}},"52":{"start":{"line":220,"column":2},"end":{"line":220,"column":34}},"53":{"start":{"line":220,"column":25},"end":{"line":220,"column":34}},"54":{"start":{"line":221,"column":2},"end":{"line":221,"column":34}},"55":{"start":{"line":221,"column":25},"end":{"line":221,"column":34}},"56":{"start":{"line":222,"column":2},"end":{"line":222,"column":11}},"57":{"start":{"line":235,"column":15},"end":{"line":235,"column":46}},"58":{"start":{"line":236,"column":2},"end":{"line":236,"column":63}},"59":{"start":{"line":243,"column":2},"end":{"line":243,"column":54}},"60":{"start":{"line":252,"column":2},"end":{"line":252,"column":32}},"61":{"start":{"line":252,"column":23},"end":{"line":252,"column":32}},"62":{"start":{"line":253,"column":2},"end":{"line":253,"column":57}},"63":{"start":{"line":259,"column":15},"end":{"line":259,"column":23}},"64":{"start":{"line":260,"column":2},"end":{"line":260,"column":39}},"65":{"start":{"line":260,"column":18},"end":{"line":260,"column":37}},"66":{"start":{"line":261,"column":2},"end":{"line":261,"column":14}}},"fnMap":{"0":{"name":"getQuestionText","decl":{"start":{"line":59,"column":16},"end":{"line":59,"column":31}},"loc":{"start":{"line":59,"column":82},"end":{"line":61,"column":1}},"line":59},"1":{"name":"getAnswerText","decl":{"start":{"line":63,"column":16},"end":{"line":63,"column":29}},"loc":{"start":{"line":63,"column":80},"end":{"line":65,"column":1}},"line":63},"2":{"name":"distributeQuestionTypes","decl":{"start":{"line":70,"column":16},"end":{"line":70,"column":39}},"loc":{"start":{"line":74,"column":12},"end":{"line":86,"column":1}},"line":74},"3":{"name":"buildMCQuestion","decl":{"start":{"line":92,"column":16},"end":{"line":92,"column":31}},"loc":{"start":{"line":97,"column":14},"end":{"line":112,"column":1}},"line":97},"4":{"name":"(anonymous_4)","decl":{"start":{"line":99,"column":37},"end":{"line":99,"column":38}},"loc":{"start":{"line":99,"column":42},"end":{"line":99,"column":66}},"line":99},"5":{"name":"(anonymous_5)","decl":{"start":{"line":102,"column":9},"end":{"line":102,"column":10}},"loc":{"start":{"line":102,"column":14},"end":{"line":102,"column":42}},"line":102},"6":{"name":"buildTFQuestion","decl":{"start":{"line":117,"column":16},"end":{"line":117,"column":31}},"loc":{"start":{"line":122,"column":14},"end":{"line":138,"column":1}},"line":122},"7":{"name":"(anonymous_7)","decl":{"start":{"line":125,"column":39},"end":{"line":125,"column":40}},"loc":{"start":{"line":125,"column":44},"end":{"line":125,"column":68}},"line":125},"8":{"name":"buildWrittenQuestion","decl":{"start":{"line":143,"column":16},"end":{"line":143,"column":36}},"loc":{"start":{"line":146,"column":19},"end":{"line":153,"column":1}},"line":146},"9":{"name":"generateQuestions","decl":{"start":{"line":158,"column":16},"end":{"line":158,"column":33}},"loc":{"start":{"line":164,"column":14},"end":{"line":184,"column":1}},"line":164},"10":{"name":"(anonymous_10)","decl":{"start":{"line":173,"column":27},"end":{"line":173,"column":28}},"loc":{"start":{"line":173,"column":42},"end":{"line":183,"column":3}},"line":173},"11":{"name":"checkAnswer","decl":{"start":{"line":191,"column":16},"end":{"line":191,"column":27}},"loc":{"start":{"line":191,"column":77},"end":{"line":193,"column":1}},"line":191},"12":{"name":"calculateQuizResult","decl":{"start":{"line":200,"column":16},"end":{"line":200,"column":35}},"loc":{"start":{"line":200,"column":73},"end":{"line":208,"column":1}},"line":200},"13":{"name":"(anonymous_13)","decl":{"start":{"line":201,"column":38},"end":{"line":201,"column":39}},"loc":{"start":{"line":201,"column":43},"end":{"line":201,"column":54}},"line":201},"14":{"name":"calculateRating","decl":{"start":{"line":218,"column":16},"end":{"line":218,"column":31}},"loc":{"start":{"line":218,"column":80},"end":{"line":223,"column":1}},"line":218},"15":{"name":"canDisableType","decl":{"start":{"line":231,"column":16},"end":{"line":231,"column":30}},"loc":{"start":{"line":234,"column":11},"end":{"line":237,"column":1}},"line":234},"16":{"name":"clampQuestionCount","decl":{"start":{"line":242,"column":16},"end":{"line":242,"column":34}},"loc":{"start":{"line":242,"column":82},"end":{"line":244,"column":1}},"line":242},"17":{"name":"computeProgressPercent","decl":{"start":{"line":251,"column":16},"end":{"line":251,"column":38}},"loc":{"start":{"line":251,"column":91},"end":{"line":254,"column":1}},"line":251},"18":{"name":"defaultShuffle","decl":{"start":{"line":258,"column":9},"end":{"line":258,"column":23}},"loc":{"start":{"line":258,"column":42},"end":{"line":262,"column":1}},"line":258},"19":{"name":"(anonymous_19)","decl":{"start":{"line":260,"column":12},"end":{"line":260,"column":13}},"loc":{"start":{"line":260,"column":18},"end":{"line":260,"column":37}},"line":260}},"branchMap":{"0":{"loc":{"start":{"line":60,"column":9},"end":{"line":60,"column":70}},"type":"cond-expr","locations":[{"start":{"line":60,"column":34},"end":{"line":60,"column":50}},{"start":{"line":60,"column":53},"end":{"line":60,"column":70}}],"line":60},"1":{"loc":{"start":{"line":64,"column":9},"end":{"line":64,"column":70}},"type":"cond-expr","locations":[{"start":{"line":64,"column":34},"end":{"line":64,"column":51}},{"start":{"line":64,"column":54},"end":{"line":64,"column":70}}],"line":64},"2":{"loc":{"start":{"line":73,"column":2},"end":{"line":73,"column":57}},"type":"default-arg","locations":[{"start":{"line":73,"column":43},"end":{"line":73,"column":57}}],"line":73},"3":{"loc":{"start":{"line":76,"column":2},"end":{"line":76,"column":56}},"type":"if","locations":[{"start":{"line":76,"column":2},"end":{"line":76,"column":56}},{"start":{},"end":{}}],"line":76},"4":{"loc":{"start":{"line":77,"column":2},"end":{"line":77,"column":51}},"type":"if","locations":[{"start":{"line":77,"column":2},"end":{"line":77,"column":51}},{"start":{},"end":{}}],"line":77},"5":{"loc":{"start":{"line":78,"column":2},"end":{"line":78,"column":48}},"type":"if","locations":[{"start":{"line":78,"column":2},"end":{"line":78,"column":48}},{"start":{},"end":{}}],"line":78},"6":{"loc":{"start":{"line":79,"column":2},"end":{"line":79,"column":51}},"type":"if","locations":[{"start":{"line":79,"column":2},"end":{"line":79,"column":51}},{"start":{},"end":{}}],"line":79},"7":{"loc":{"start":{"line":96,"column":2},"end":{"line":96,"column":50}},"type":"default-arg","locations":[{"start":{"line":96,"column":36},"end":{"line":96,"column":50}}],"line":96},"8":{"loc":{"start":{"line":124,"column":2},"end":{"line":130,"column":3}},"type":"if","locations":[{"start":{"line":124,"column":2},"end":{"line":130,"column":3}},{"start":{},"end":{}}],"line":124},"9":{"loc":{"start":{"line":124,"column":6},"end":{"line":124,"column":36}},"type":"binary-expr","locations":[{"start":{"line":124,"column":6},"end":{"line":124,"column":13}},{"start":{"line":124,"column":17},"end":{"line":124,"column":36}}],"line":124},"10":{"loc":{"start":{"line":136,"column":19},"end":{"line":136,"column":42}},"type":"cond-expr","locations":[{"start":{"line":136,"column":28},"end":{"line":136,"column":34}},{"start":{"line":136,"column":37},"end":{"line":136,"column":42}}],"line":136},"11":{"loc":{"start":{"line":163,"column":2},"end":{"line":163,"column":50}},"type":"default-arg","locations":[{"start":{"line":163,"column":36},"end":{"line":163,"column":50}}],"line":163},"12":{"loc":{"start":{"line":165,"column":2},"end":{"line":165,"column":36}},"type":"if","locations":[{"start":{"line":165,"column":2},"end":{"line":165,"column":36}},{"start":{},"end":{}}],"line":165},"13":{"loc":{"start":{"line":175,"column":4},"end":{"line":182,"column":5}},"type":"if","locations":[{"start":{"line":175,"column":4},"end":{"line":182,"column":5}},{"start":{"line":177,"column":11},"end":{"line":182,"column":5}}],"line":175},"14":{"loc":{"start":{"line":177,"column":11},"end":{"line":182,"column":5}},"type":"if","locations":[{"start":{"line":177,"column":11},"end":{"line":182,"column":5}},{"start":{"line":180,"column":11},"end":{"line":182,"column":5}}],"line":177},"15":{"loc":{"start":{"line":203,"column":21},"end":{"line":205,"column":7}},"type":"cond-expr","locations":[{"start":{"line":204,"column":6},"end":{"line":204,"column":55}},{"start":{"line":205,"column":6},"end":{"line":205,"column":7}}],"line":203},"16":{"loc":{"start":{"line":219,"column":2},"end":{"line":219,"column":27}},"type":"if","locations":[{"start":{"line":219,"column":2},"end":{"line":219,"column":27}},{"start":{},"end":{}}],"line":219},"17":{"loc":{"start":{"line":220,"column":2},"end":{"line":220,"column":34}},"type":"if","locations":[{"start":{"line":220,"column":2},"end":{"line":220,"column":34}},{"start":{},"end":{}}],"line":220},"18":{"loc":{"start":{"line":221,"column":2},"end":{"line":221,"column":34}},"type":"if","locations":[{"start":{"line":221,"column":2},"end":{"line":221,"column":34}},{"start":{},"end":{}}],"line":221},"19":{"loc":{"start":{"line":236,"column":9},"end":{"line":236,"column":62}},"type":"binary-expr","locations":[{"start":{"line":236,"column":9},"end":{"line":236,"column":23}},{"start":{"line":236,"column":27},"end":{"line":236,"column":46}},{"start":{"line":236,"column":50},"end":{"line":236,"column":62}}],"line":236},"20":{"loc":{"start":{"line":252,"column":2},"end":{"line":252,"column":32}},"type":"if","locations":[{"start":{"line":252,"column":2},"end":{"line":252,"column":32}},{"start":{},"end":{}}],"line":252}},"s":{"0":37,"1":104,"2":13,"3":13,"4":12,"5":13,"6":6,"7":13,"8":4,"9":13,"10":1,"11":13,"12":13,"13":13,"14":47,"15":13,"16":23,"17":23,"18":106,"19":23,"20":63,"21":23,"22":23,"23":8,"24":8,"25":4,"26":20,"27":4,"28":8,"29":4,"30":9,"31":1,"32":8,"33":8,"34":8,"35":8,"36":8,"37":25,"38":25,"39":18,"40":7,"41":5,"42":5,"43":2,"44":19,"45":8,"46":22,"47":8,"48":8,"49":8,"50":16,"51":4,"52":12,"53":3,"54":9,"55":5,"56":4,"57":8,"58":8,"59":9,"60":6,"61":2,"62":4,"63":8,"64":8,"65":35,"66":8},"f":{"0":37,"1":104,"2":13,"3":23,"4":106,"5":63,"6":8,"7":20,"8":4,"9":9,"10":25,"11":19,"12":8,"13":22,"14":16,"15":8,"16":9,"17":6,"18":8,"19":35},"b":{"0":[3,34],"1":[6,98],"2":[0],"3":[12,1],"4":[6,7],"5":[4,9],"6":[1,12],"7":[0],"8":[4,4],"9":[8,5],"10":[3,5],"11":[2],"12":[1,8],"13":[18,7],"14":[5,2],"15":[7,1],"16":[4,12],"17":[3,9],"18":[5,4],"19":[8,6,4],"20":[2,4]},"_coverageSchema":"1a1c01bbd47fc00a2c39e90264f33305004495a9","hash":"281c25f6a8095a81f3595fe16f384f4efb7071b1"}
}
