TN:
SF:utils\learningLogic.ts
FN:59,getQuestionText
FN:63,getAnswerText
FN:70,distributeQuestionTypes
FN:92,buildMCQuestion
FN:99,(anonymous_4)
FN:102,(anonymous_5)
FN:117,buildTFQuestion
FN:125,(anonymous_7)
FN:143,buildWrittenQuestion
FN:158,generateQuestions
FN:173,(anonymous_10)
FN:191,checkAnswer
FN:200,calculateQuizResult
FN:201,(anonymous_13)
FN:218,calculateRating
FN:231,canDisableType
FN:242,clampQuestionCount
FN:251,computeProgressPercent
FN:258,defaultShuffle
FN:260,(anonymous_19)
FNF:20
FNH:20
FNDA:37,getQuestionText
FNDA:104,getAnswerText
FNDA:13,distributeQuestionTypes
FNDA:23,buildMCQuestion
FNDA:106,(anonymous_4)
FNDA:63,(anonymous_5)
FNDA:8,buildTFQuestion
FNDA:20,(anonymous_7)
FNDA:4,buildWrittenQuestion
FNDA:9,generateQuestions
FNDA:25,(anonymous_10)
FNDA:19,checkAnswer
FNDA:8,calculateQuizResult
FNDA:22,(anonymous_13)
FNDA:16,calculateRating
FNDA:8,canDisableType
FNDA:9,clampQuestionCount
FNDA:6,computeProgressPercent
FNDA:8,defaultShuffle
FNDA:35,(anonymous_19)
DA:60,37
DA:64,104
DA:75,13
DA:76,13
DA:77,13
DA:78,13
DA:79,13
DA:81,13
DA:82,13
DA:83,47
DA:85,13
DA:98,23
DA:99,106
DA:100,23
DA:102,63
DA:103,23
DA:105,23
DA:123,8
DA:124,8
DA:125,20
DA:126,4
DA:131,8
DA:147,4
DA:165,9
DA:167,8
DA:168,8
DA:169,8
DA:171,8
DA:173,8
DA:174,25
DA:175,25
DA:176,18
DA:177,7
DA:178,5
DA:179,5
DA:181,2
DA:192,19
DA:201,22
DA:202,8
DA:203,8
DA:207,8
DA:219,16
DA:220,12
DA:221,9
DA:222,4
DA:235,8
DA:236,8
DA:243,9
DA:252,6
DA:253,4
DA:259,8
DA:260,35
DA:261,8
LF:53
LH:53
BRDA:60,0,0,3
BRDA:60,0,1,34
BRDA:64,1,0,6
BRDA:64,1,1,98
BRDA:73,2,0,0
BRDA:76,3,0,12
BRDA:76,3,1,1
BRDA:77,4,0,6
BRDA:77,4,1,7
BRDA:78,5,0,4
BRDA:78,5,1,9
BRDA:79,6,0,1
BRDA:79,6,1,12
BRDA:96,7,0,0
BRDA:124,8,0,4
BRDA:124,8,1,4
BRDA:124,9,0,8
BRDA:124,9,1,5
BRDA:136,10,0,3
BRDA:136,10,1,5
BRDA:163,11,0,2
BRDA:165,12,0,1
BRDA:165,12,1,8
BRDA:175,13,0,18
BRDA:175,13,1,7
BRDA:177,14,0,5
BRDA:177,14,1,2
BRDA:203,15,0,7
BRDA:203,15,1,1
BRDA:219,16,0,4
BRDA:219,16,1,12
BRDA:220,17,0,3
BRDA:220,17,1,9
BRDA:221,18,0,5
BRDA:221,18,1,4
BRDA:236,19,0,8
BRDA:236,19,1,6
BRDA:236,19,2,4
BRDA:252,20,0,2
BRDA:252,20,1,4
BRF:40
BRH:38
end_of_record
